[0.281s] DEBUG:colcon:Command line arguments: ['/usr/bin/colcon', 'build']
[0.282s] DEBUG:colcon:Parsed command line arguments: Namespace(allow_overriding=[], ament_cmake_args=None, base_paths=['.'], build_base='build', catkin_cmake_args=None, catkin_skip_building_tests=False, cmake_args=None, cmake_clean_cache=False, cmake_clean_first=False, cmake_force_configure=False, cmake_target=None, cmake_target_skip_unavailable=False, continue_on_error=<colcon_core.argument_default.BooleanDefaultValue object at 0x7fa9ddc7c6d0>, event_handlers=None, executor='parallel', ignore_user_meta=False, install_base='install', log_base=None, log_level=None, main=<bound method BuildVerb.main of <colcon_core.verb.build.BuildVerb object at 0x7fa9dd472ac0>>, merge_install=False, metas=['./colcon.meta'], packages_above=None, packages_above_and_dependencies=None, packages_above_depth=None, packages_end=None, packages_ignore=None, packages_ignore_regex=None, packages_select=None, packages_select_build_failed=False, packages_select_by_dep=None, packages_select_regex=None, packages_select_test_failures=False, packages_skip=['zed_components', 'zed_interfaces', 'zed_ros2', 'zed_wrapper', 'ros_can', 'allan_deviation', 'ecl_command_line', 'ecl_core', 'ecl_core_apps', 'ecl_devices', 'ecl_filesystem', 'ecl_ipc', 'ecl_manipulators', 'ecl_mobile_robot', 'ecl_sigslots', 'ecl_statistics', 'ecl_streams', 'ecl_threads', 'ecl_time', 'ecl_console', 'ecl_converters_lite', 'ecl_io', 'ecl_lite', 'ecl_sigslots_lite', 'ecl_time_lite'], packages_skip_build_finished=False, packages_skip_by_dep=None, packages_skip_regex=None, packages_skip_test_passed=False, packages_skip_up_to=None, packages_start=None, packages_up_to=None, packages_up_to_regex=None, parallel_workers=4, paths=None, symlink_install=False, test_result_base=None, verb_extension=<colcon_core.verb.build.BuildVerb object at 0x7fa9dd472ac0>, verb_name='build', verb_parser=<colcon_defaults.argument_parser.defaults.DefaultArgumentsDecorator object at 0x7fa9dd47d070>)
[0.345s] Level 1:colcon.colcon_core.package_discovery:discover_packages(colcon_meta) check parameters
[0.345s] Level 1:colcon.colcon_core.package_discovery:discover_packages(recursive) check parameters
[0.345s] Level 1:colcon.colcon_core.package_discovery:discover_packages(ignore) check parameters
[0.346s] Level 1:colcon.colcon_core.package_discovery:discover_packages(path) check parameters
[0.346s] Level 1:colcon.colcon_core.package_discovery:discover_packages(colcon_meta) discover
[0.346s] Level 1:colcon.colcon_core.package_discovery:discover_packages(recursive) discover
[0.346s] INFO:colcon.colcon_core.package_discovery:Crawling recursively for packages in '/home/filip/133ws/src/atlas_description/urdf'
[0.346s] Level 1:colcon.colcon_core.package_identification:_identify(.) by extensions ['ignore', 'ignore_ament_install']
[0.346s] Level 1:colcon.colcon_core.package_identification:_identify(.) by extension 'ignore'
[0.346s] Level 1:colcon.colcon_core.package_identification:_identify(.) by extension 'ignore_ament_install'
[0.346s] Level 1:colcon.colcon_core.package_identification:_identify(.) by extensions ['colcon_pkg']
[0.346s] Level 1:colcon.colcon_core.package_identification:_identify(.) by extension 'colcon_pkg'
[0.346s] Level 1:colcon.colcon_core.package_identification:_identify(.) by extensions ['colcon_meta']
[0.346s] Level 1:colcon.colcon_core.package_identification:_identify(.) by extension 'colcon_meta'
[0.346s] Level 1:colcon.colcon_core.package_identification:_identify(.) by extensions ['ros']
[0.346s] Level 1:colcon.colcon_core.package_identification:_identify(.) by extension 'ros'
[0.362s] Level 1:colcon.colcon_core.package_identification:_identify(.) by extensions ['cmake', 'python']
[0.362s] Level 1:colcon.colcon_core.package_identification:_identify(.) by extension 'cmake'
[0.362s] Level 1:colcon.colcon_core.package_identification:_identify(.) by extension 'python'
[0.362s] Level 1:colcon.colcon_core.package_identification:_identify(.) by extensions ['python_setup_py']
[0.362s] Level 1:colcon.colcon_core.package_identification:_identify(.) by extension 'python_setup_py'
[0.362s] Level 1:colcon.colcon_core.package_identification:_identify(build) by extensions ['ignore', 'ignore_ament_install']
[0.363s] Level 1:colcon.colcon_core.package_identification:_identify(build) by extension 'ignore'
[0.363s] Level 1:colcon.colcon_core.package_identification:_identify(build) ignored
[0.363s] Level 1:colcon.colcon_core.package_identification:_identify(install) by extensions ['ignore', 'ignore_ament_install']
[0.363s] Level 1:colcon.colcon_core.package_identification:_identify(install) by extension 'ignore'
[0.363s] Level 1:colcon.colcon_core.package_identification:_identify(install) ignored
[0.363s] Level 1:colcon.colcon_core.package_identification:_identify(log) by extensions ['ignore', 'ignore_ament_install']
[0.363s] Level 1:colcon.colcon_core.package_identification:_identify(log) by extension 'ignore'
[0.363s] Level 1:colcon.colcon_core.package_identification:_identify(log) ignored
[0.363s] Level 1:colcon.colcon_core.package_discovery:discover_packages(recursive) using defaults
[0.363s] Level 1:colcon.colcon_core.package_discovery:discover_packages(ignore) discover
[0.363s] Level 1:colcon.colcon_core.package_discovery:discover_packages(ignore) using defaults
[0.363s] Level 1:colcon.colcon_core.package_discovery:discover_packages(path) discover
[0.363s] Level 1:colcon.colcon_core.package_discovery:discover_packages(path) using defaults
[0.365s] WARNING:colcon.colcon_core.package_selection:ignoring unknown package 'zed_components' in --packages-skip
[0.365s] WARNING:colcon.colcon_core.package_selection:ignoring unknown package 'zed_interfaces' in --packages-skip
[0.365s] WARNING:colcon.colcon_core.package_selection:ignoring unknown package 'zed_ros2' in --packages-skip
[0.366s] WARNING:colcon.colcon_core.package_selection:ignoring unknown package 'zed_wrapper' in --packages-skip
[0.366s] WARNING:colcon.colcon_core.package_selection:ignoring unknown package 'ros_can' in --packages-skip
[0.366s] WARNING:colcon.colcon_core.package_selection:ignoring unknown package 'allan_deviation' in --packages-skip
[0.366s] WARNING:colcon.colcon_core.package_selection:ignoring unknown package 'ecl_command_line' in --packages-skip
[0.366s] WARNING:colcon.colcon_core.package_selection:ignoring unknown package 'ecl_core' in --packages-skip
[0.366s] WARNING:colcon.colcon_core.package_selection:ignoring unknown package 'ecl_core_apps' in --packages-skip
[0.366s] WARNING:colcon.colcon_core.package_selection:ignoring unknown package 'ecl_devices' in --packages-skip
[0.366s] WARNING:colcon.colcon_core.package_selection:ignoring unknown package 'ecl_filesystem' in --packages-skip
[0.366s] WARNING:colcon.colcon_core.package_selection:ignoring unknown package 'ecl_ipc' in --packages-skip
[0.366s] WARNING:colcon.colcon_core.package_selection:ignoring unknown package 'ecl_manipulators' in --packages-skip
[0.366s] WARNING:colcon.colcon_core.package_selection:ignoring unknown package 'ecl_mobile_robot' in --packages-skip
[0.366s] WARNING:colcon.colcon_core.package_selection:ignoring unknown package 'ecl_sigslots' in --packages-skip
[0.366s] WARNING:colcon.colcon_core.package_selection:ignoring unknown package 'ecl_statistics' in --packages-skip
[0.366s] WARNING:colcon.colcon_core.package_selection:ignoring unknown package 'ecl_streams' in --packages-skip
[0.366s] WARNING:colcon.colcon_core.package_selection:ignoring unknown package 'ecl_threads' in --packages-skip
[0.366s] WARNING:colcon.colcon_core.package_selection:ignoring unknown package 'ecl_time' in --packages-skip
[0.366s] WARNING:colcon.colcon_core.package_selection:ignoring unknown package 'ecl_console' in --packages-skip
[0.366s] WARNING:colcon.colcon_core.package_selection:ignoring unknown package 'ecl_converters_lite' in --packages-skip
[0.366s] WARNING:colcon.colcon_core.package_selection:ignoring unknown package 'ecl_io' in --packages-skip
[0.366s] WARNING:colcon.colcon_core.package_selection:ignoring unknown package 'ecl_lite' in --packages-skip
[0.366s] WARNING:colcon.colcon_core.package_selection:ignoring unknown package 'ecl_sigslots_lite' in --packages-skip
[0.367s] WARNING:colcon.colcon_core.package_selection:ignoring unknown package 'ecl_time_lite' in --packages-skip
[0.404s] Level 1:colcon.colcon_core.package_discovery:discover_packages(prefix_path) check parameters
[0.404s] Level 1:colcon.colcon_core.package_discovery:discover_packages(prefix_path) discover
[0.412s] DEBUG:colcon.colcon_installed_package_information.package_discovery:Found 4 installed packages in /home/filip/133ws/install
[0.414s] Level 1:colcon.colcon_core.package_discovery:discover_packages(prefix_path) using defaults
[0.417s] INFO:colcon.colcon_core.executor:Executing jobs using 'parallel' executor
[0.422s] DEBUG:colcon.colcon_parallel_executor.executor.parallel:run_until_complete
[0.422s] DEBUG:colcon.colcon_parallel_executor.executor.parallel:closing loop
[0.423s] DEBUG:colcon.colcon_parallel_executor.executor.parallel:loop closed
[0.423s] DEBUG:colcon.colcon_parallel_executor.executor.parallel:run_until_complete finished with '0'
[0.423s] DEBUG:colcon.colcon_core.event_reactor:joining thread
[0.438s] INFO:colcon.colcon_core.plugin_system:Skipping extension 'colcon_notification.desktop_notification.terminal_notifier': Not used on non-Darwin systems
[0.438s] INFO:colcon.colcon_core.plugin_system:Skipping extension 'colcon_notification.desktop_notification.win32': Not used on non-Windows systems
[0.438s] INFO:colcon.colcon_notification.desktop_notification:Sending desktop notification using 'notify2'
[0.470s] DEBUG:colcon.colcon_core.event_reactor:joined thread
[0.501s] INFO:colcon.colcon_core.plugin_system:Skipping extension 'colcon_core.shell.bat': Not used on non-Windows systems
[0.501s] INFO:colcon.colcon_core.shell:Creating prefix script '/home/filip/133ws/src/atlas_description/urdf/install/local_setup.ps1'
[0.502s] INFO:colcon.colcon_core.shell:Creating prefix util module '/home/filip/133ws/src/atlas_description/urdf/install/_local_setup_util_ps1.py'
[0.504s] INFO:colcon.colcon_core.shell:Creating prefix chain script '/home/filip/133ws/src/atlas_description/urdf/install/setup.ps1'
[0.510s] INFO:colcon.colcon_core.shell:Creating prefix script '/home/filip/133ws/src/atlas_description/urdf/install/local_setup.sh'
[0.511s] INFO:colcon.colcon_core.shell:Creating prefix util module '/home/filip/133ws/src/atlas_description/urdf/install/_local_setup_util_sh.py'
[0.512s] INFO:colcon.colcon_core.shell:Creating prefix chain script '/home/filip/133ws/src/atlas_description/urdf/install/setup.sh'
[0.516s] INFO:colcon.colcon_core.shell:Creating prefix script '/home/filip/133ws/src/atlas_description/urdf/install/local_setup.bash'
[0.517s] INFO:colcon.colcon_core.shell:Creating prefix chain script '/home/filip/133ws/src/atlas_description/urdf/install/setup.bash'
[0.523s] INFO:colcon.colcon_core.shell:Creating prefix script '/home/filip/133ws/src/atlas_description/urdf/install/local_setup.zsh'
[0.525s] INFO:colcon.colcon_core.shell:Creating prefix chain script '/home/filip/133ws/src/atlas_description/urdf/install/setup.zsh'
