[0.251s] DEBUG:colcon:Command line arguments: ['/usr/bin/colcon', 'build']
[0.251s] DEBUG:colcon:Parsed command line arguments: Namespace(allow_overriding=[], ament_cmake_args=None, base_paths=['.'], build_base='build', catkin_cmake_args=None, catkin_skip_building_tests=False, cmake_args=None, cmake_clean_cache=False, cmake_clean_first=False, cmake_force_configure=False, cmake_target=None, cmake_target_skip_unavailable=False, continue_on_error=<colcon_core.argument_default.BooleanDefaultValue object at 0x7f1f5372e700>, event_handlers=None, executor='parallel', ignore_user_meta=False, install_base='install', log_base=None, log_level=None, main=<bound method BuildVerb.main of <colcon_core.verb.build.BuildVerb object at 0x7f1f52f25a90>>, merge_install=False, metas=['./colcon.meta'], packages_above=None, packages_above_and_dependencies=None, packages_above_depth=None, packages_end=None, packages_ignore=None, packages_ignore_regex=None, packages_select=None, packages_select_build_failed=False, packages_select_by_dep=None, packages_select_regex=None, packages_select_test_failures=False, packages_skip=['zed_components', 'zed_interfaces', 'zed_ros2', 'zed_wrapper', 'ros_can', 'allan_deviation', 'ecl_command_line', 'ecl_core', 'ecl_core_apps', 'ecl_devices', 'ecl_filesystem', 'ecl_ipc', 'ecl_manipulators', 'ecl_mobile_robot', 'ecl_sigslots', 'ecl_statistics', 'ecl_streams', 'ecl_threads', 'ecl_time', 'ecl_console', 'ecl_converters_lite', 'ecl_io', 'ecl_lite', 'ecl_sigslots_lite', 'ecl_time_lite'], packages_skip_build_finished=False, packages_skip_by_dep=None, packages_skip_regex=None, packages_skip_test_passed=False, packages_skip_up_to=None, packages_start=None, packages_up_to=None, packages_up_to_regex=None, parallel_workers=4, paths=None, symlink_install=False, test_result_base=None, verb_extension=<colcon_core.verb.build.BuildVerb object at 0x7f1f52f25a90>, verb_name='build', verb_parser=<colcon_defaults.argument_parser.defaults.DefaultArgumentsDecorator object at 0x7f1f52f30040>)
[0.295s] Level 1:colcon.colcon_core.package_discovery:discover_packages(colcon_meta) check parameters
[0.296s] Level 1:colcon.colcon_core.package_discovery:discover_packages(recursive) check parameters
[0.296s] Level 1:colcon.colcon_core.package_discovery:discover_packages(ignore) check parameters
[0.296s] Level 1:colcon.colcon_core.package_discovery:discover_packages(path) check parameters
[0.296s] Level 1:colcon.colcon_core.package_discovery:discover_packages(colcon_meta) discover
[0.296s] Level 1:colcon.colcon_core.package_discovery:discover_packages(recursive) discover
[0.296s] INFO:colcon.colcon_core.package_discovery:Crawling recursively for packages in '/home/filip/133ws/src/atlas_description'
[0.296s] Level 1:colcon.colcon_core.package_identification:_identify(.) by extensions ['ignore', 'ignore_ament_install']
[0.296s] Level 1:colcon.colcon_core.package_identification:_identify(.) by extension 'ignore'
[0.296s] Level 1:colcon.colcon_core.package_identification:_identify(.) by extension 'ignore_ament_install'
[0.296s] Level 1:colcon.colcon_core.package_identification:_identify(.) by extensions ['colcon_pkg']
[0.296s] Level 1:colcon.colcon_core.package_identification:_identify(.) by extension 'colcon_pkg'
[0.296s] Level 1:colcon.colcon_core.package_identification:_identify(.) by extensions ['colcon_meta']
[0.297s] Level 1:colcon.colcon_core.package_identification:_identify(.) by extension 'colcon_meta'
[0.297s] Level 1:colcon.colcon_core.package_identification:_identify(.) by extensions ['ros']
[0.297s] Level 1:colcon.colcon_core.package_identification:_identify(.) by extension 'ros'
[0.316s] DEBUG:colcon.colcon_core.package_identification:Package '.' with type 'ros.ament_cmake' and name 'atlas_description'
[0.317s] Level 1:colcon.colcon_core.package_discovery:discover_packages(recursive) using defaults
[0.317s] Level 1:colcon.colcon_core.package_discovery:discover_packages(ignore) discover
[0.317s] Level 1:colcon.colcon_core.package_discovery:discover_packages(ignore) using defaults
[0.317s] Level 1:colcon.colcon_core.package_discovery:discover_packages(path) discover
[0.317s] Level 1:colcon.colcon_core.package_discovery:discover_packages(path) using defaults
[0.319s] WARNING:colcon.colcon_core.package_selection:ignoring unknown package 'zed_components' in --packages-skip
[0.319s] WARNING:colcon.colcon_core.package_selection:ignoring unknown package 'zed_interfaces' in --packages-skip
[0.319s] WARNING:colcon.colcon_core.package_selection:ignoring unknown package 'zed_ros2' in --packages-skip
[0.319s] WARNING:colcon.colcon_core.package_selection:ignoring unknown package 'zed_wrapper' in --packages-skip
[0.319s] WARNING:colcon.colcon_core.package_selection:ignoring unknown package 'ros_can' in --packages-skip
[0.319s] WARNING:colcon.colcon_core.package_selection:ignoring unknown package 'allan_deviation' in --packages-skip
[0.319s] WARNING:colcon.colcon_core.package_selection:ignoring unknown package 'ecl_command_line' in --packages-skip
[0.319s] WARNING:colcon.colcon_core.package_selection:ignoring unknown package 'ecl_core' in --packages-skip
[0.319s] WARNING:colcon.colcon_core.package_selection:ignoring unknown package 'ecl_core_apps' in --packages-skip
[0.319s] WARNING:colcon.colcon_core.package_selection:ignoring unknown package 'ecl_devices' in --packages-skip
[0.319s] WARNING:colcon.colcon_core.package_selection:ignoring unknown package 'ecl_filesystem' in --packages-skip
[0.319s] WARNING:colcon.colcon_core.package_selection:ignoring unknown package 'ecl_ipc' in --packages-skip
[0.319s] WARNING:colcon.colcon_core.package_selection:ignoring unknown package 'ecl_manipulators' in --packages-skip
[0.319s] WARNING:colcon.colcon_core.package_selection:ignoring unknown package 'ecl_mobile_robot' in --packages-skip
[0.319s] WARNING:colcon.colcon_core.package_selection:ignoring unknown package 'ecl_sigslots' in --packages-skip
[0.319s] WARNING:colcon.colcon_core.package_selection:ignoring unknown package 'ecl_statistics' in --packages-skip
[0.319s] WARNING:colcon.colcon_core.package_selection:ignoring unknown package 'ecl_streams' in --packages-skip
[0.320s] WARNING:colcon.colcon_core.package_selection:ignoring unknown package 'ecl_threads' in --packages-skip
[0.320s] WARNING:colcon.colcon_core.package_selection:ignoring unknown package 'ecl_time' in --packages-skip
[0.320s] WARNING:colcon.colcon_core.package_selection:ignoring unknown package 'ecl_console' in --packages-skip
[0.320s] WARNING:colcon.colcon_core.package_selection:ignoring unknown package 'ecl_converters_lite' in --packages-skip
[0.320s] WARNING:colcon.colcon_core.package_selection:ignoring unknown package 'ecl_io' in --packages-skip
[0.320s] WARNING:colcon.colcon_core.package_selection:ignoring unknown package 'ecl_lite' in --packages-skip
[0.320s] WARNING:colcon.colcon_core.package_selection:ignoring unknown package 'ecl_sigslots_lite' in --packages-skip
[0.320s] WARNING:colcon.colcon_core.package_selection:ignoring unknown package 'ecl_time_lite' in --packages-skip
[0.350s] Level 1:colcon.colcon_core.package_discovery:discover_packages(prefix_path) check parameters
[0.351s] Level 1:colcon.colcon_core.package_discovery:discover_packages(prefix_path) discover
[0.356s] DEBUG:colcon.colcon_installed_package_information.package_discovery:Found 4 installed packages in /home/filip/133ws/install
[0.357s] Level 1:colcon.colcon_core.package_discovery:discover_packages(prefix_path) using defaults
[0.364s] Level 5:colcon.colcon_core.verb:set package 'atlas_description' build argument 'cmake_args' from command line to 'None'
[0.364s] Level 5:colcon.colcon_core.verb:set package 'atlas_description' build argument 'cmake_target' from command line to 'None'
[0.364s] Level 5:colcon.colcon_core.verb:set package 'atlas_description' build argument 'cmake_target_skip_unavailable' from command line to 'False'
[0.364s] Level 5:colcon.colcon_core.verb:set package 'atlas_description' build argument 'cmake_clean_cache' from command line to 'False'
[0.364s] Level 5:colcon.colcon_core.verb:set package 'atlas_description' build argument 'cmake_clean_first' from command line to 'False'
[0.364s] Level 5:colcon.colcon_core.verb:set package 'atlas_description' build argument 'cmake_force_configure' from command line to 'False'
[0.364s] Level 5:colcon.colcon_core.verb:set package 'atlas_description' build argument 'ament_cmake_args' from command line to 'None'
[0.364s] Level 5:colcon.colcon_core.verb:set package 'atlas_description' build argument 'catkin_cmake_args' from command line to 'None'
[0.364s] Level 5:colcon.colcon_core.verb:set package 'atlas_description' build argument 'catkin_skip_building_tests' from command line to 'False'
[0.364s] DEBUG:colcon.colcon_core.verb:Building package 'atlas_description' with the following arguments: {'ament_cmake_args': None, 'build_base': '/home/filip/133ws/src/atlas_description/build/atlas_description', 'catkin_cmake_args': None, 'catkin_skip_building_tests': False, 'cmake_args': None, 'cmake_clean_cache': False, 'cmake_clean_first': False, 'cmake_force_configure': False, 'cmake_target': None, 'cmake_target_skip_unavailable': False, 'install_base': '/home/filip/133ws/src/atlas_description/install/atlas_description', 'merge_install': False, 'path': '/home/filip/133ws/src/atlas_description', 'symlink_install': False, 'test_result_base': None}
[0.365s] INFO:colcon.colcon_core.executor:Executing jobs using 'parallel' executor
[0.372s] DEBUG:colcon.colcon_parallel_executor.executor.parallel:run_until_complete
[0.373s] INFO:colcon.colcon_ros.task.ament_cmake.build:Building ROS package in '/home/filip/133ws/src/atlas_description' with build type 'ament_cmake'
[0.373s] INFO:colcon.colcon_cmake.task.cmake.build:Building CMake package in '/home/filip/133ws/src/atlas_description'
[0.396s] INFO:colcon.colcon_core.plugin_system:Skipping extension 'colcon_core.shell.bat': Not used on non-Windows systems
[0.396s] INFO:colcon.colcon_core.shell:Skip shell extension 'powershell' for command environment: Not usable outside of PowerShell
[0.397s] DEBUG:colcon.colcon_core.shell:Skip shell extension 'dsv' for command environment
[0.402s] DEBUG:colcon.colcon_core.shell:Ignoring prefix path '/opt/ros/galactic'
[0.417s] DEBUG:colcon.colcon_core.event_handler.log_command:Invoking command in '/home/filip/133ws/src/atlas_description/build/atlas_description': /usr/bin/cmake /home/filip/133ws/src/atlas_description -DCMAKE_INSTALL_PREFIX=/home/filip/133ws/src/atlas_description/install/atlas_description
[1.612s] DEBUG:colcon.colcon_core.event_handler.log_command:Invoked command in '/home/filip/133ws/src/atlas_description/build/atlas_description' returned '0': /usr/bin/cmake /home/filip/133ws/src/atlas_description -DCMAKE_INSTALL_PREFIX=/home/filip/133ws/src/atlas_description/install/atlas_description
[1.616s] DEBUG:colcon.colcon_core.event_handler.log_command:Invoking command in '/home/filip/133ws/src/atlas_description/build/atlas_description': /usr/bin/cmake --build /home/filip/133ws/src/atlas_description/build/atlas_description -- -j4 -l4
[1.687s] DEBUG:colcon.colcon_core.event_handler.log_command:Invoked command in '/home/filip/133ws/src/atlas_description/build/atlas_description' returned '0': /usr/bin/cmake --build /home/filip/133ws/src/atlas_description/build/atlas_description -- -j4 -l4
[1.738s] DEBUG:colcon.colcon_core.event_handler.log_command:Invoking command in '/home/filip/133ws/src/atlas_description/build/atlas_description': /usr/bin/cmake --install /home/filip/133ws/src/atlas_description/build/atlas_description
[1.878s] Level 1:colcon.colcon_core.environment:create_environment_scripts_only(atlas_description)
[1.880s] DEBUG:colcon.colcon_core.event_handler.log_command:Invoked command in '/home/filip/133ws/src/atlas_description/build/atlas_description' returned '0': /usr/bin/cmake --install /home/filip/133ws/src/atlas_description/build/atlas_description
[1.891s] Level 1:colcon.colcon_core.environment:checking '/home/filip/133ws/src/atlas_description/install/atlas_description' for CMake module files
[1.892s] Level 1:colcon.colcon_core.environment:checking '/home/filip/133ws/src/atlas_description/install/atlas_description' for CMake config files
[1.894s] Level 1:colcon.colcon_core.shell:create_environment_hook('atlas_description', 'cmake_prefix_path')
[1.897s] INFO:colcon.colcon_core.shell:Creating environment hook '/home/filip/133ws/src/atlas_description/install/atlas_description/share/atlas_description/hook/cmake_prefix_path.ps1'
[1.898s] INFO:colcon.colcon_core.shell:Creating environment descriptor '/home/filip/133ws/src/atlas_description/install/atlas_description/share/atlas_description/hook/cmake_prefix_path.dsv'
[1.898s] INFO:colcon.colcon_core.shell:Creating environment hook '/home/filip/133ws/src/atlas_description/install/atlas_description/share/atlas_description/hook/cmake_prefix_path.sh'
[1.900s] Level 1:colcon.colcon_core.environment:checking '/home/filip/133ws/src/atlas_description/install/atlas_description/bin'
[1.900s] Level 1:colcon.colcon_core.environment:checking '/home/filip/133ws/src/atlas_description/install/atlas_description/lib/pkgconfig/atlas_description.pc'
[1.901s] Level 1:colcon.colcon_core.environment:checking '/home/filip/133ws/src/atlas_description/install/atlas_description/lib/python3.8/site-packages'
[1.901s] Level 1:colcon.colcon_core.environment:checking '/home/filip/133ws/src/atlas_description/install/atlas_description/bin'
[1.904s] INFO:colcon.colcon_core.shell:Creating package script '/home/filip/133ws/src/atlas_description/install/atlas_description/share/atlas_description/package.ps1'
[1.906s] INFO:colcon.colcon_core.shell:Creating package descriptor '/home/filip/133ws/src/atlas_description/install/atlas_description/share/atlas_description/package.dsv'
[1.907s] INFO:colcon.colcon_core.shell:Creating package script '/home/filip/133ws/src/atlas_description/install/atlas_description/share/atlas_description/package.sh'
[1.908s] INFO:colcon.colcon_core.shell:Creating package script '/home/filip/133ws/src/atlas_description/install/atlas_description/share/atlas_description/package.bash'
[1.910s] INFO:colcon.colcon_core.shell:Creating package script '/home/filip/133ws/src/atlas_description/install/atlas_description/share/atlas_description/package.zsh'
[1.911s] Level 1:colcon.colcon_core.environment:create_file_with_runtime_dependencies(/home/filip/133ws/src/atlas_description/install/atlas_description/share/colcon-core/packages/atlas_description)
[1.953s] Level 1:colcon.colcon_core.environment:create_environment_scripts_only(atlas_description)
[1.959s] Level 1:colcon.colcon_core.environment:checking '/home/filip/133ws/src/atlas_description/install/atlas_description' for CMake module files
[1.960s] Level 1:colcon.colcon_core.environment:checking '/home/filip/133ws/src/atlas_description/install/atlas_description' for CMake config files
[1.961s] Level 1:colcon.colcon_core.shell:create_environment_hook('atlas_description', 'cmake_prefix_path')
[1.963s] INFO:colcon.colcon_core.shell:Creating environment hook '/home/filip/133ws/src/atlas_description/install/atlas_description/share/atlas_description/hook/cmake_prefix_path.ps1'
[1.964s] INFO:colcon.colcon_core.shell:Creating environment descriptor '/home/filip/133ws/src/atlas_description/install/atlas_description/share/atlas_description/hook/cmake_prefix_path.dsv'
[1.964s] INFO:colcon.colcon_core.shell:Creating environment hook '/home/filip/133ws/src/atlas_description/install/atlas_description/share/atlas_description/hook/cmake_prefix_path.sh'
[1.965s] Level 1:colcon.colcon_core.environment:checking '/home/filip/133ws/src/atlas_description/install/atlas_description/bin'
[1.965s] Level 1:colcon.colcon_core.environment:checking '/home/filip/133ws/src/atlas_description/install/atlas_description/lib/pkgconfig/atlas_description.pc'
[1.965s] Level 1:colcon.colcon_core.environment:checking '/home/filip/133ws/src/atlas_description/install/atlas_description/lib/python3.8/site-packages'
[1.965s] Level 1:colcon.colcon_core.environment:checking '/home/filip/133ws/src/atlas_description/install/atlas_description/bin'
[1.968s] INFO:colcon.colcon_core.shell:Creating package script '/home/filip/133ws/src/atlas_description/install/atlas_description/share/atlas_description/package.ps1'
[1.968s] INFO:colcon.colcon_core.shell:Creating package descriptor '/home/filip/133ws/src/atlas_description/install/atlas_description/share/atlas_description/package.dsv'
[1.969s] INFO:colcon.colcon_core.shell:Creating package script '/home/filip/133ws/src/atlas_description/install/atlas_description/share/atlas_description/package.sh'
[1.969s] INFO:colcon.colcon_core.shell:Creating package script '/home/filip/133ws/src/atlas_description/install/atlas_description/share/atlas_description/package.bash'
[1.970s] INFO:colcon.colcon_core.shell:Creating package script '/home/filip/133ws/src/atlas_description/install/atlas_description/share/atlas_description/package.zsh'
[1.970s] Level 1:colcon.colcon_core.environment:create_file_with_runtime_dependencies(/home/filip/133ws/src/atlas_description/install/atlas_description/share/colcon-core/packages/atlas_description)
[1.970s] DEBUG:colcon.colcon_parallel_executor.executor.parallel:closing loop
[1.971s] DEBUG:colcon.colcon_parallel_executor.executor.parallel:loop closed
[1.971s] DEBUG:colcon.colcon_parallel_executor.executor.parallel:run_until_complete finished with '0'
[1.971s] DEBUG:colcon.colcon_core.event_reactor:joining thread
[1.980s] INFO:colcon.colcon_core.plugin_system:Skipping extension 'colcon_notification.desktop_notification.terminal_notifier': Not used on non-Darwin systems
[1.981s] INFO:colcon.colcon_core.plugin_system:Skipping extension 'colcon_notification.desktop_notification.win32': Not used on non-Windows systems
[1.981s] INFO:colcon.colcon_notification.desktop_notification:Sending desktop notification using 'notify2'
[2.006s] DEBUG:colcon.colcon_core.event_reactor:joined thread
[2.009s] INFO:colcon.colcon_core.shell:Creating prefix script '/home/filip/133ws/src/atlas_description/install/local_setup.ps1'
[2.010s] INFO:colcon.colcon_core.shell:Creating prefix util module '/home/filip/133ws/src/atlas_description/install/_local_setup_util_ps1.py'
[2.013s] INFO:colcon.colcon_core.shell:Creating prefix chain script '/home/filip/133ws/src/atlas_description/install/setup.ps1'
[2.017s] INFO:colcon.colcon_core.shell:Creating prefix script '/home/filip/133ws/src/atlas_description/install/local_setup.sh'
[2.018s] INFO:colcon.colcon_core.shell:Creating prefix util module '/home/filip/133ws/src/atlas_description/install/_local_setup_util_sh.py'
[2.018s] INFO:colcon.colcon_core.shell:Creating prefix chain script '/home/filip/133ws/src/atlas_description/install/setup.sh'
[2.022s] INFO:colcon.colcon_core.shell:Creating prefix script '/home/filip/133ws/src/atlas_description/install/local_setup.bash'
[2.022s] INFO:colcon.colcon_core.shell:Creating prefix chain script '/home/filip/133ws/src/atlas_description/install/setup.bash'
[2.028s] INFO:colcon.colcon_core.shell:Creating prefix script '/home/filip/133ws/src/atlas_description/install/local_setup.zsh'
[2.029s] INFO:colcon.colcon_core.shell:Creating prefix chain script '/home/filip/133ws/src/atlas_description/install/setup.zsh'
