[0.047s] Invoking command in '/home/filip/133ws/src/atlas_description/build/atlas_description': /usr/bin/cmake --build /home/filip/133ws/src/atlas_description/build/atlas_description -- -j4 -l4
[0.099s] Invoked command in '/home/filip/133ws/src/atlas_description/build/atlas_description' returned '0': /usr/bin/cmake --build /home/filip/133ws/src/atlas_description/build/atlas_description -- -j4 -l4
[0.146s] Invoking command in '/home/filip/133ws/src/atlas_description/build/atlas_description': /usr/bin/cmake --install /home/filip/133ws/src/atlas_description/build/atlas_description
[0.166s] -- Install configuration: ""
[0.166s] -- Up-to-date: /home/filip/133ws/src/atlas_description/install/atlas_description/share/atlas_description/launch
[0.166s] -- Up-to-date: /home/filip/133ws/src/atlas_description/install/atlas_description/share/atlas_description/launch/viewatlas.launch.py
[0.167s] -- Up-to-date: /home/filip/133ws/src/atlas_description/install/atlas_description/share/atlas_description/launch/__init__.py
[0.168s] -- Up-to-date: /home/filip/133ws/src/atlas_description/install/atlas_description/share/atlas_description/meshes
[0.169s] -- Up-to-date: /home/filip/133ws/src/atlas_description/install/atlas_description/share/atlas_description/meshes/wheel.obj
[0.169s] -- Up-to-date: /home/filip/133ws/src/atlas_description/install/atlas_description/share/atlas_description/meshes/base_link.mtl
[0.170s] -- Up-to-date: /home/filip/133ws/src/atlas_description/install/atlas_description/share/atlas_description/meshes/wheel.mtl
[0.170s] -- Up-to-date: /home/filip/133ws/src/atlas_description/install/atlas_description/share/atlas_description/meshes/base_link.obj
[0.170s] -- Up-to-date: /home/filip/133ws/src/atlas_description/install/atlas_description/share/atlas_description/rviz
[0.170s] -- Up-to-date: /home/filip/133ws/src/atlas_description/install/atlas_description/share/atlas_description/rviz/viewurdf.rviz
[0.171s] -- Up-to-date: /home/filip/133ws/src/atlas_description/install/atlas_description/share/atlas_description/rviz/urdf.rviz
[0.171s] -- Up-to-date: /home/filip/133ws/src/atlas_description/install/atlas_description/share/atlas_description/rviz/viewatlas.rviz
[0.171s] -- Up-to-date: /home/filip/133ws/src/atlas_description/install/atlas_description/share/atlas_description/src
[0.172s] -- Up-to-date: /home/filip/133ws/src/atlas_description/install/atlas_description/share/atlas_description/src/__init__.py
[0.172s] -- Up-to-date: /home/filip/133ws/src/atlas_description/install/atlas_description/share/atlas_description/urdf
[0.174s] -- Installing: /home/filip/133ws/src/atlas_description/install/atlas_description/share/atlas_description/urdf/atlas_v5.urdf
[0.174s] -- Up-to-date: /home/filip/133ws/src/atlas_description/install/atlas_description/share/atlas_description/urdf/atlas.urdf
[0.174s] -- Up-to-date: /home/filip/133ws/src/atlas_description/install/atlas_description/share/atlas_description/urdf/install
[0.174s] -- Installing: /home/filip/133ws/src/atlas_description/install/atlas_description/share/atlas_description/urdf/install/setup.ps1
[0.175s] -- Installing: /home/filip/133ws/src/atlas_description/install/atlas_description/share/atlas_description/urdf/install/setup.zsh
[0.177s] -- Installing: /home/filip/133ws/src/atlas_description/install/atlas_description/share/atlas_description/urdf/install/local_setup.ps1
[0.178s] -- Installing: /home/filip/133ws/src/atlas_description/install/atlas_description/share/atlas_description/urdf/install/local_setup.zsh
[0.178s] -- Installing: /home/filip/133ws/src/atlas_description/install/atlas_description/share/atlas_description/urdf/install/setup.sh
[0.178s] -- Installing: /home/filip/133ws/src/atlas_description/install/atlas_description/share/atlas_description/urdf/install/_local_setup_util_ps1.py
[0.178s] -- Installing: /home/filip/133ws/src/atlas_description/install/atlas_description/share/atlas_description/urdf/install/local_setup.sh
[0.179s] -- Installing: /home/filip/133ws/src/atlas_description/install/atlas_description/share/atlas_description/urdf/install/setup.bash
[0.179s] -- Installing: /home/filip/133ws/src/atlas_description/install/atlas_description/share/atlas_description/urdf/install/_local_setup_util_sh.py
[0.180s] -- Up-to-date: /home/filip/133ws/src/atlas_description/install/atlas_description/share/atlas_description/urdf/install/.colcon_install_layout
[0.180s] -- Installing: /home/filip/133ws/src/atlas_description/install/atlas_description/share/atlas_description/urdf/install/local_setup.bash
[0.180s] -- Up-to-date: /home/filip/133ws/src/atlas_description/install/atlas_description/share/atlas_description/urdf/install/COLCON_IGNORE
[0.180s] -- Up-to-date: /home/filip/133ws/src/atlas_description/install/atlas_description/share/atlas_description/urdf/build
[0.181s] -- Up-to-date: /home/filip/133ws/src/atlas_description/install/atlas_description/share/atlas_description/urdf/build/.built_by
[0.181s] -- Up-to-date: /home/filip/133ws/src/atlas_description/install/atlas_description/share/atlas_description/urdf/build/COLCON_IGNORE
[0.181s] -- Up-to-date: /home/filip/133ws/src/atlas_description/install/atlas_description/share/atlas_description/urdf/atlasfixed.urdf
[0.182s] -- Up-to-date: /home/filip/133ws/src/atlas_description/install/atlas_description/share/atlas_description/urdf/log
[0.182s] -- Installing: /home/filip/133ws/src/atlas_description/install/atlas_description/share/atlas_description/urdf/log/build_2022-11-23_13-06-37
[0.182s] -- Installing: /home/filip/133ws/src/atlas_description/install/atlas_description/share/atlas_description/urdf/log/build_2022-11-23_13-06-37/logger_all.log
[0.182s] -- Installing: /home/filip/133ws/src/atlas_description/install/atlas_description/share/atlas_description/urdf/log/build_2022-11-23_13-06-37/events.log
[0.183s] -- Up-to-date: /home/filip/133ws/src/atlas_description/install/atlas_description/share/atlas_description/urdf/log/latest
[0.183s] -- Up-to-date: /home/filip/133ws/src/atlas_description/install/atlas_description/share/atlas_description/urdf/log/build_2022-11-23_13-05-14
[0.183s] -- Up-to-date: /home/filip/133ws/src/atlas_description/install/atlas_description/share/atlas_description/urdf/log/build_2022-11-23_13-05-14/logger_all.log
[0.184s] -- Up-to-date: /home/filip/133ws/src/atlas_description/install/atlas_description/share/atlas_description/urdf/log/build_2022-11-23_13-05-14/events.log
[0.185s] -- Installing: /home/filip/133ws/src/atlas_description/install/atlas_description/share/atlas_description/urdf/log/latest_build
[0.186s] -- Installing: /home/filip/133ws/src/atlas_description/install/atlas_description/share/atlas_description/urdf/log/COLCON_IGNORE
[0.186s] -- Up-to-date: /home/filip/133ws/src/atlas_description/install/atlas_description/share/atlas_description/materials
[0.186s] -- Up-to-date: /home/filip/133ws/src/atlas_description/install/atlas_description/share/atlas_description/materials/textures
[0.186s] -- Up-to-date: /home/filip/133ws/src/atlas_description/install/atlas_description/share/atlas_description/materials/textures/extremities_diffuse_unplugged.jpg
[0.187s] -- Up-to-date: /home/filip/133ws/src/atlas_description/install/atlas_description/share/atlas_description/materials/textures/atlas_DRC_carbon_fiber.png
[0.187s] -- Up-to-date: /home/filip/133ws/src/atlas_description/install/atlas_description/share/atlas_description/materials/textures/drc_labels_1.jpg
[0.187s] -- Up-to-date: /home/filip/133ws/src/atlas_description/install/atlas_description/share/atlas_description/materials/textures/drc_torso_head_diffuse.jpg
[0.187s] -- Up-to-date: /home/filip/133ws/src/atlas_description/install/atlas_description/share/atlas_description/materials/textures/torso_diffuse_unplugged.jpg
[0.188s] -- Up-to-date: /home/filip/133ws/src/atlas_description/install/atlas_description/share/atlas_description/materials/textures/drc_head_diffuse.png
[0.188s] -- Up-to-date: /home/filip/133ws/src/atlas_description/install/atlas_description/share/atlas_description/materials/textures/torso_diffuse.png
[0.188s] -- Up-to-date: /home/filip/133ws/src/atlas_description/install/atlas_description/share/atlas_description/materials/textures/atlas_DRC_1.png
[0.188s] -- Up-to-date: /home/filip/133ws/src/atlas_description/install/atlas_description/share/atlas_description/materials/textures/extremities_diffuse.png
[0.188s] -- Up-to-date: /home/filip/133ws/src/atlas_description/install/atlas_description/share/atlas_description/materials/textures/CMakeLists.txt
[0.189s] -- Up-to-date: /home/filip/133ws/src/atlas_description/install/atlas_description/share/atlas_description/materials/textures/atlas_DRC_dark_1.png
[0.189s] -- Up-to-date: /home/filip/133ws/src/atlas_description/install/atlas_description/share/atlas_description/materials/textures/atlas_cage_and_camera_diffuse_flat.jpg
[0.189s] -- Up-to-date: /home/filip/133ws/src/atlas_description/install/atlas_description/share/atlas_description/materials/textures/drc_extremities_diffuse.jpg
[0.189s] -- Up-to-date: /home/filip/133ws/src/atlas_description/install/atlas_description/share/atlas_description/materials/textures/right_leg_diffuse_unplugged.jpg
[0.189s] -- Up-to-date: /home/filip/133ws/src/atlas_description/install/atlas_description/share/atlas_description/materials/CMakeLists.txt
[0.190s] -- Up-to-date: /home/filip/133ws/src/atlas_description/install/atlas_description/share/atlas_description/meshes_unplugged
[0.190s] -- Up-to-date: /home/filip/133ws/src/atlas_description/install/atlas_description/share/atlas_description/meshes_unplugged/l_clav.dae
[0.190s] -- Up-to-date: /home/filip/133ws/src/atlas_description/install/atlas_description/share/atlas_description/meshes_unplugged/l_lleg.dae
[0.190s] -- Up-to-date: /home/filip/133ws/src/atlas_description/install/atlas_description/share/atlas_description/meshes_unplugged/mtorso.dae
[0.190s] -- Up-to-date: /home/filip/133ws/src/atlas_description/install/atlas_description/share/atlas_description/meshes_unplugged/l_hand.dae
[0.191s] -- Up-to-date: /home/filip/133ws/src/atlas_description/install/atlas_description/share/atlas_description/meshes_unplugged/r_uglut.dae
[0.191s] -- Up-to-date: /home/filip/133ws/src/atlas_description/install/atlas_description/share/atlas_description/meshes_unplugged/r_lglut.dae
[0.191s] -- Up-to-date: /home/filip/133ws/src/atlas_description/install/atlas_description/share/atlas_description/meshes_unplugged/r_uarm.dae
[0.191s] -- Up-to-date: /home/filip/133ws/src/atlas_description/install/atlas_description/share/atlas_description/meshes_unplugged/l_larm.dae
[0.192s] -- Up-to-date: /home/filip/133ws/src/atlas_description/install/atlas_description/share/atlas_description/meshes_unplugged/ltorso.dae
[0.192s] -- Up-to-date: /home/filip/133ws/src/atlas_description/install/atlas_description/share/atlas_description/meshes_unplugged/r_uleg.dae
[0.192s] -- Up-to-date: /home/filip/133ws/src/atlas_description/install/atlas_description/share/atlas_description/meshes_unplugged/l_lglut.dae
[0.192s] -- Up-to-date: /home/filip/133ws/src/atlas_description/install/atlas_description/share/atlas_description/meshes_unplugged/r_clav.dae
[0.192s] -- Up-to-date: /home/filip/133ws/src/atlas_description/install/atlas_description/share/atlas_description/meshes_unplugged/l_uglut.dae
[0.192s] -- Up-to-date: /home/filip/133ws/src/atlas_description/install/atlas_description/share/atlas_description/meshes_unplugged/pelvis.dae
[0.193s] -- Up-to-date: /home/filip/133ws/src/atlas_description/install/atlas_description/share/atlas_description/meshes_unplugged/r_foot.dae
[0.193s] -- Up-to-date: /home/filip/133ws/src/atlas_description/install/atlas_description/share/atlas_description/meshes_unplugged/utorso.dae
[0.193s] -- Up-to-date: /home/filip/133ws/src/atlas_description/install/atlas_description/share/atlas_description/meshes_unplugged/l_scap.dae
[0.193s] -- Up-to-date: /home/filip/133ws/src/atlas_description/install/atlas_description/share/atlas_description/meshes_unplugged/l_foot.dae
[0.193s] -- Up-to-date: /home/filip/133ws/src/atlas_description/install/atlas_description/share/atlas_description/meshes_unplugged/l_uleg.dae
[0.194s] -- Up-to-date: /home/filip/133ws/src/atlas_description/install/atlas_description/share/atlas_description/meshes_unplugged/l_uarm.dae
[0.194s] -- Up-to-date: /home/filip/133ws/src/atlas_description/install/atlas_description/share/atlas_description/meshes_unplugged/r_lleg.dae
[0.194s] -- Up-to-date: /home/filip/133ws/src/atlas_description/install/atlas_description/share/atlas_description/meshes_unplugged/r_talus.dae
[0.194s] -- Up-to-date: /home/filip/133ws/src/atlas_description/install/atlas_description/share/atlas_description/meshes_unplugged/r_hand.dae
[0.195s] -- Up-to-date: /home/filip/133ws/src/atlas_description/install/atlas_description/share/atlas_description/meshes_unplugged/r_scap.dae
[0.195s] -- Up-to-date: /home/filip/133ws/src/atlas_description/install/atlas_description/share/atlas_description/meshes_unplugged/r_larm.dae
[0.195s] -- Up-to-date: /home/filip/133ws/src/atlas_description/install/atlas_description/share/atlas_description/meshes_unplugged/l_talus.dae
[0.195s] -- Up-to-date: /home/filip/133ws/src/atlas_description/install/atlas_description/share/atlas_description/meshes_unplugged/r_farm.dae
[0.195s] -- Up-to-date: /home/filip/133ws/src/atlas_description/install/atlas_description/share/atlas_description/meshes_unplugged/l_farm.dae
[0.195s] -- Up-to-date: /home/filip/133ws/src/atlas_description/install/atlas_description/share/ament_index/resource_index/package_run_dependencies/atlas_description
[0.197s] -- Up-to-date: /home/filip/133ws/src/atlas_description/install/atlas_description/share/ament_index/resource_index/parent_prefix_path/atlas_description
[0.197s] -- Up-to-date: /home/filip/133ws/src/atlas_description/install/atlas_description/share/atlas_description/environment/ament_prefix_path.sh
[0.197s] -- Up-to-date: /home/filip/133ws/src/atlas_description/install/atlas_description/share/atlas_description/environment/ament_prefix_path.dsv
[0.197s] -- Up-to-date: /home/filip/133ws/src/atlas_description/install/atlas_description/share/atlas_description/environment/path.sh
[0.197s] -- Up-to-date: /home/filip/133ws/src/atlas_description/install/atlas_description/share/atlas_description/environment/path.dsv
[0.198s] -- Up-to-date: /home/filip/133ws/src/atlas_description/install/atlas_description/share/atlas_description/local_setup.bash
[0.199s] -- Up-to-date: /home/filip/133ws/src/atlas_description/install/atlas_description/share/atlas_description/local_setup.sh
[0.199s] -- Up-to-date: /home/filip/133ws/src/atlas_description/install/atlas_description/share/atlas_description/local_setup.zsh
[0.199s] -- Up-to-date: /home/filip/133ws/src/atlas_description/install/atlas_description/share/atlas_description/local_setup.dsv
[0.199s] -- Up-to-date: /home/filip/133ws/src/atlas_description/install/atlas_description/share/atlas_description/package.dsv
[0.200s] -- Up-to-date: /home/filip/133ws/src/atlas_description/install/atlas_description/share/ament_index/resource_index/packages/atlas_description
[0.200s] -- Up-to-date: /home/filip/133ws/src/atlas_description/install/atlas_description/share/atlas_description/cmake/atlas_descriptionConfig.cmake
[0.200s] -- Up-to-date: /home/filip/133ws/src/atlas_description/install/atlas_description/share/atlas_description/cmake/atlas_descriptionConfig-version.cmake
[0.200s] -- Up-to-date: /home/filip/133ws/src/atlas_description/install/atlas_description/share/atlas_description/package.xml
[0.200s] Invoked command in '/home/filip/133ws/src/atlas_description/build/atlas_description' returned '0': /usr/bin/cmake --install /home/filip/133ws/src/atlas_description/build/atlas_description
