[0.240s] DEBUG:colcon:Command line arguments: ['/usr/bin/colcon', 'build']
[0.240s] DEBUG:colcon:Parsed command line arguments: Namespace(allow_overriding=[], ament_cmake_args=None, base_paths=['.'], build_base='build', catkin_cmake_args=None, catkin_skip_building_tests=False, cmake_args=None, cmake_clean_cache=False, cmake_clean_first=False, cmake_force_configure=False, cmake_target=None, cmake_target_skip_unavailable=False, continue_on_error=<colcon_core.argument_default.BooleanDefaultValue object at 0x7fe9cecca6a0>, event_handlers=None, executor='parallel', ignore_user_meta=False, install_base='install', log_base=None, log_level=None, main=<bound method BuildVerb.main of <colcon_core.verb.build.BuildVerb object at 0x7fe9ce4c1910>>, merge_install=False, metas=['./colcon.meta'], packages_above=None, packages_above_and_dependencies=None, packages_above_depth=None, packages_end=None, packages_ignore=None, packages_ignore_regex=None, packages_select=None, packages_select_build_failed=False, packages_select_by_dep=None, packages_select_regex=None, packages_select_test_failures=False, packages_skip=['zed_components', 'zed_interfaces', 'zed_ros2', 'zed_wrapper', 'ros_can', 'allan_deviation', 'ecl_command_line', 'ecl_core', 'ecl_core_apps', 'ecl_devices', 'ecl_filesystem', 'ecl_ipc', 'ecl_manipulators', 'ecl_mobile_robot', 'ecl_sigslots', 'ecl_statistics', 'ecl_streams', 'ecl_threads', 'ecl_time', 'ecl_console', 'ecl_converters_lite', 'ecl_io', 'ecl_lite', 'ecl_sigslots_lite', 'ecl_time_lite'], packages_skip_build_finished=False, packages_skip_by_dep=None, packages_skip_regex=None, packages_skip_test_passed=False, packages_skip_up_to=None, packages_start=None, packages_up_to=None, packages_up_to_regex=None, parallel_workers=4, paths=None, symlink_install=False, test_result_base=None, verb_extension=<colcon_core.verb.build.BuildVerb object at 0x7fe9ce4c1910>, verb_name='build', verb_parser=<colcon_defaults.argument_parser.defaults.DefaultArgumentsDecorator object at 0x7fe9ce4c1e80>)
[0.282s] Level 1:colcon.colcon_core.package_discovery:discover_packages(colcon_meta) check parameters
[0.282s] Level 1:colcon.colcon_core.package_discovery:discover_packages(recursive) check parameters
[0.282s] Level 1:colcon.colcon_core.package_discovery:discover_packages(ignore) check parameters
[0.282s] Level 1:colcon.colcon_core.package_discovery:discover_packages(path) check parameters
[0.282s] Level 1:colcon.colcon_core.package_discovery:discover_packages(colcon_meta) discover
[0.283s] Level 1:colcon.colcon_core.package_discovery:discover_packages(recursive) discover
[0.283s] INFO:colcon.colcon_core.package_discovery:Crawling recursively for packages in '/home/filip/133ws/src/atlas_description'
[0.283s] Level 1:colcon.colcon_core.package_identification:_identify(.) by extensions ['ignore', 'ignore_ament_install']
[0.283s] Level 1:colcon.colcon_core.package_identification:_identify(.) by extension 'ignore'
[0.283s] Level 1:colcon.colcon_core.package_identification:_identify(.) by extension 'ignore_ament_install'
[0.283s] Level 1:colcon.colcon_core.package_identification:_identify(.) by extensions ['colcon_pkg']
[0.283s] Level 1:colcon.colcon_core.package_identification:_identify(.) by extension 'colcon_pkg'
[0.283s] Level 1:colcon.colcon_core.package_identification:_identify(.) by extensions ['colcon_meta']
[0.283s] Level 1:colcon.colcon_core.package_identification:_identify(.) by extension 'colcon_meta'
[0.283s] Level 1:colcon.colcon_core.package_identification:_identify(.) by extensions ['ros']
[0.283s] Level 1:colcon.colcon_core.package_identification:_identify(.) by extension 'ros'
[0.302s] DEBUG:colcon.colcon_core.package_identification:Package '.' with type 'ros.ament_cmake' and name 'atlas_description'
[0.302s] Level 1:colcon.colcon_core.package_discovery:discover_packages(recursive) using defaults
[0.303s] Level 1:colcon.colcon_core.package_discovery:discover_packages(ignore) discover
[0.303s] Level 1:colcon.colcon_core.package_discovery:discover_packages(ignore) using defaults
[0.303s] Level 1:colcon.colcon_core.package_discovery:discover_packages(path) discover
[0.303s] Level 1:colcon.colcon_core.package_discovery:discover_packages(path) using defaults
[0.305s] WARNING:colcon.colcon_core.package_selection:ignoring unknown package 'zed_components' in --packages-skip
[0.305s] WARNING:colcon.colcon_core.package_selection:ignoring unknown package 'zed_interfaces' in --packages-skip
[0.305s] WARNING:colcon.colcon_core.package_selection:ignoring unknown package 'zed_ros2' in --packages-skip
[0.305s] WARNING:colcon.colcon_core.package_selection:ignoring unknown package 'zed_wrapper' in --packages-skip
[0.305s] WARNING:colcon.colcon_core.package_selection:ignoring unknown package 'ros_can' in --packages-skip
[0.305s] WARNING:colcon.colcon_core.package_selection:ignoring unknown package 'allan_deviation' in --packages-skip
[0.305s] WARNING:colcon.colcon_core.package_selection:ignoring unknown package 'ecl_command_line' in --packages-skip
[0.305s] WARNING:colcon.colcon_core.package_selection:ignoring unknown package 'ecl_core' in --packages-skip
[0.305s] WARNING:colcon.colcon_core.package_selection:ignoring unknown package 'ecl_core_apps' in --packages-skip
[0.305s] WARNING:colcon.colcon_core.package_selection:ignoring unknown package 'ecl_devices' in --packages-skip
[0.305s] WARNING:colcon.colcon_core.package_selection:ignoring unknown package 'ecl_filesystem' in --packages-skip
[0.305s] WARNING:colcon.colcon_core.package_selection:ignoring unknown package 'ecl_ipc' in --packages-skip
[0.305s] WARNING:colcon.colcon_core.package_selection:ignoring unknown package 'ecl_manipulators' in --packages-skip
[0.306s] WARNING:colcon.colcon_core.package_selection:ignoring unknown package 'ecl_mobile_robot' in --packages-skip
[0.306s] WARNING:colcon.colcon_core.package_selection:ignoring unknown package 'ecl_sigslots' in --packages-skip
[0.306s] WARNING:colcon.colcon_core.package_selection:ignoring unknown package 'ecl_statistics' in --packages-skip
[0.306s] WARNING:colcon.colcon_core.package_selection:ignoring unknown package 'ecl_streams' in --packages-skip
[0.306s] WARNING:colcon.colcon_core.package_selection:ignoring unknown package 'ecl_threads' in --packages-skip
[0.306s] WARNING:colcon.colcon_core.package_selection:ignoring unknown package 'ecl_time' in --packages-skip
[0.306s] WARNING:colcon.colcon_core.package_selection:ignoring unknown package 'ecl_console' in --packages-skip
[0.306s] WARNING:colcon.colcon_core.package_selection:ignoring unknown package 'ecl_converters_lite' in --packages-skip
[0.306s] WARNING:colcon.colcon_core.package_selection:ignoring unknown package 'ecl_io' in --packages-skip
[0.306s] WARNING:colcon.colcon_core.package_selection:ignoring unknown package 'ecl_lite' in --packages-skip
[0.306s] WARNING:colcon.colcon_core.package_selection:ignoring unknown package 'ecl_sigslots_lite' in --packages-skip
[0.306s] WARNING:colcon.colcon_core.package_selection:ignoring unknown package 'ecl_time_lite' in --packages-skip
[0.331s] Level 1:colcon.colcon_core.package_discovery:discover_packages(prefix_path) check parameters
[0.331s] Level 1:colcon.colcon_core.package_discovery:discover_packages(prefix_path) discover
[0.337s] DEBUG:colcon.colcon_installed_package_information.package_discovery:Found 1 installed packages in /home/filip/133ws/src/atlas_description/install
[0.338s] DEBUG:colcon.colcon_installed_package_information.package_discovery:Found 4 installed packages in /home/filip/133ws/install
[0.340s] Level 1:colcon.colcon_core.package_discovery:discover_packages(prefix_path) using defaults
[0.346s] Level 5:colcon.colcon_core.verb:set package 'atlas_description' build argument 'cmake_args' from command line to 'None'
[0.346s] Level 5:colcon.colcon_core.verb:set package 'atlas_description' build argument 'cmake_target' from command line to 'None'
[0.346s] Level 5:colcon.colcon_core.verb:set package 'atlas_description' build argument 'cmake_target_skip_unavailable' from command line to 'False'
[0.347s] Level 5:colcon.colcon_core.verb:set package 'atlas_description' build argument 'cmake_clean_cache' from command line to 'False'
[0.347s] Level 5:colcon.colcon_core.verb:set package 'atlas_description' build argument 'cmake_clean_first' from command line to 'False'
[0.347s] Level 5:colcon.colcon_core.verb:set package 'atlas_description' build argument 'cmake_force_configure' from command line to 'False'
[0.347s] Level 5:colcon.colcon_core.verb:set package 'atlas_description' build argument 'ament_cmake_args' from command line to 'None'
[0.347s] Level 5:colcon.colcon_core.verb:set package 'atlas_description' build argument 'catkin_cmake_args' from command line to 'None'
[0.347s] Level 5:colcon.colcon_core.verb:set package 'atlas_description' build argument 'catkin_skip_building_tests' from command line to 'False'
[0.347s] DEBUG:colcon.colcon_core.verb:Building package 'atlas_description' with the following arguments: {'ament_cmake_args': None, 'build_base': '/home/filip/133ws/src/atlas_description/build/atlas_description', 'catkin_cmake_args': None, 'catkin_skip_building_tests': False, 'cmake_args': None, 'cmake_clean_cache': False, 'cmake_clean_first': False, 'cmake_force_configure': False, 'cmake_target': None, 'cmake_target_skip_unavailable': False, 'install_base': '/home/filip/133ws/src/atlas_description/install/atlas_description', 'merge_install': False, 'path': '/home/filip/133ws/src/atlas_description', 'symlink_install': False, 'test_result_base': None}
[0.348s] INFO:colcon.colcon_core.executor:Executing jobs using 'parallel' executor
[0.355s] DEBUG:colcon.colcon_parallel_executor.executor.parallel:run_until_complete
[0.355s] INFO:colcon.colcon_ros.task.ament_cmake.build:Building ROS package in '/home/filip/133ws/src/atlas_description' with build type 'ament_cmake'
[0.356s] INFO:colcon.colcon_cmake.task.cmake.build:Building CMake package in '/home/filip/133ws/src/atlas_description'
[0.379s] INFO:colcon.colcon_core.plugin_system:Skipping extension 'colcon_core.shell.bat': Not used on non-Windows systems
[0.379s] INFO:colcon.colcon_core.shell:Skip shell extension 'powershell' for command environment: Not usable outside of PowerShell
[0.379s] DEBUG:colcon.colcon_core.shell:Skip shell extension 'dsv' for command environment
[0.385s] DEBUG:colcon.colcon_core.shell:Ignoring prefix path '/opt/ros/galactic'
[0.406s] DEBUG:colcon.colcon_core.event_handler.log_command:Invoking command in '/home/filip/133ws/src/atlas_description/build/atlas_description': /usr/bin/cmake --build /home/filip/133ws/src/atlas_description/build/atlas_description -- -j4 -l4
[0.455s] DEBUG:colcon.colcon_core.event_handler.log_command:Invoked command in '/home/filip/133ws/src/atlas_description/build/atlas_description' returned '0': /usr/bin/cmake --build /home/filip/133ws/src/atlas_description/build/atlas_description -- -j4 -l4
[0.502s] DEBUG:colcon.colcon_core.event_handler.log_command:Invoking command in '/home/filip/133ws/src/atlas_description/build/atlas_description': /usr/bin/cmake --install /home/filip/133ws/src/atlas_description/build/atlas_description
[0.529s] Level 1:colcon.colcon_core.environment:create_environment_scripts_only(atlas_description)
[0.557s] DEBUG:colcon.colcon_core.event_handler.log_command:Invoked command in '/home/filip/133ws/src/atlas_description/build/atlas_description' returned '0': /usr/bin/cmake --install /home/filip/133ws/src/atlas_description/build/atlas_description
[0.562s] Level 1:colcon.colcon_core.environment:checking '/home/filip/133ws/src/atlas_description/install/atlas_description' for CMake module files
[0.563s] Level 1:colcon.colcon_core.environment:checking '/home/filip/133ws/src/atlas_description/install/atlas_description' for CMake config files
[0.565s] Level 1:colcon.colcon_core.shell:create_environment_hook('atlas_description', 'cmake_prefix_path')
[0.569s] INFO:colcon.colcon_core.shell:Creating environment hook '/home/filip/133ws/src/atlas_description/install/atlas_description/share/atlas_description/hook/cmake_prefix_path.ps1'
[0.570s] INFO:colcon.colcon_core.shell:Creating environment descriptor '/home/filip/133ws/src/atlas_description/install/atlas_description/share/atlas_description/hook/cmake_prefix_path.dsv'
[0.571s] INFO:colcon.colcon_core.shell:Creating environment hook '/home/filip/133ws/src/atlas_description/install/atlas_description/share/atlas_description/hook/cmake_prefix_path.sh'
[0.573s] Level 1:colcon.colcon_core.environment:checking '/home/filip/133ws/src/atlas_description/install/atlas_description/bin'
[0.573s] Level 1:colcon.colcon_core.environment:checking '/home/filip/133ws/src/atlas_description/install/atlas_description/lib/pkgconfig/atlas_description.pc'
[0.574s] Level 1:colcon.colcon_core.environment:checking '/home/filip/133ws/src/atlas_description/install/atlas_description/lib/python3.8/site-packages'
[0.574s] Level 1:colcon.colcon_core.environment:checking '/home/filip/133ws/src/atlas_description/install/atlas_description/bin'
[0.577s] INFO:colcon.colcon_core.shell:Creating package script '/home/filip/133ws/src/atlas_description/install/atlas_description/share/atlas_description/package.ps1'
[0.578s] INFO:colcon.colcon_core.shell:Creating package descriptor '/home/filip/133ws/src/atlas_description/install/atlas_description/share/atlas_description/package.dsv'
[0.578s] INFO:colcon.colcon_core.shell:Creating package script '/home/filip/133ws/src/atlas_description/install/atlas_description/share/atlas_description/package.sh'
[0.579s] INFO:colcon.colcon_core.shell:Creating package script '/home/filip/133ws/src/atlas_description/install/atlas_description/share/atlas_description/package.bash'
[0.580s] INFO:colcon.colcon_core.shell:Creating package script '/home/filip/133ws/src/atlas_description/install/atlas_description/share/atlas_description/package.zsh'
[0.581s] Level 1:colcon.colcon_core.environment:create_file_with_runtime_dependencies(/home/filip/133ws/src/atlas_description/install/atlas_description/share/colcon-core/packages/atlas_description)
[0.619s] Level 1:colcon.colcon_core.environment:create_environment_scripts_only(atlas_description)
[0.625s] Level 1:colcon.colcon_core.environment:checking '/home/filip/133ws/src/atlas_description/install/atlas_description' for CMake module files
[0.626s] Level 1:colcon.colcon_core.environment:checking '/home/filip/133ws/src/atlas_description/install/atlas_description' for CMake config files
[0.626s] Level 1:colcon.colcon_core.shell:create_environment_hook('atlas_description', 'cmake_prefix_path')
[0.628s] INFO:colcon.colcon_core.shell:Creating environment hook '/home/filip/133ws/src/atlas_description/install/atlas_description/share/atlas_description/hook/cmake_prefix_path.ps1'
[0.629s] INFO:colcon.colcon_core.shell:Creating environment descriptor '/home/filip/133ws/src/atlas_description/install/atlas_description/share/atlas_description/hook/cmake_prefix_path.dsv'
[0.629s] INFO:colcon.colcon_core.shell:Creating environment hook '/home/filip/133ws/src/atlas_description/install/atlas_description/share/atlas_description/hook/cmake_prefix_path.sh'
[0.630s] Level 1:colcon.colcon_core.environment:checking '/home/filip/133ws/src/atlas_description/install/atlas_description/bin'
[0.630s] Level 1:colcon.colcon_core.environment:checking '/home/filip/133ws/src/atlas_description/install/atlas_description/lib/pkgconfig/atlas_description.pc'
[0.630s] Level 1:colcon.colcon_core.environment:checking '/home/filip/133ws/src/atlas_description/install/atlas_description/lib/python3.8/site-packages'
[0.631s] Level 1:colcon.colcon_core.environment:checking '/home/filip/133ws/src/atlas_description/install/atlas_description/bin'
[0.633s] INFO:colcon.colcon_core.shell:Creating package script '/home/filip/133ws/src/atlas_description/install/atlas_description/share/atlas_description/package.ps1'
[0.633s] INFO:colcon.colcon_core.shell:Creating package descriptor '/home/filip/133ws/src/atlas_description/install/atlas_description/share/atlas_description/package.dsv'
[0.634s] INFO:colcon.colcon_core.shell:Creating package script '/home/filip/133ws/src/atlas_description/install/atlas_description/share/atlas_description/package.sh'
[0.634s] INFO:colcon.colcon_core.shell:Creating package script '/home/filip/133ws/src/atlas_description/install/atlas_description/share/atlas_description/package.bash'
[0.635s] INFO:colcon.colcon_core.shell:Creating package script '/home/filip/133ws/src/atlas_description/install/atlas_description/share/atlas_description/package.zsh'
[0.635s] Level 1:colcon.colcon_core.environment:create_file_with_runtime_dependencies(/home/filip/133ws/src/atlas_description/install/atlas_description/share/colcon-core/packages/atlas_description)
[0.636s] DEBUG:colcon.colcon_parallel_executor.executor.parallel:closing loop
[0.636s] DEBUG:colcon.colcon_parallel_executor.executor.parallel:loop closed
[0.636s] DEBUG:colcon.colcon_parallel_executor.executor.parallel:run_until_complete finished with '0'
[0.636s] DEBUG:colcon.colcon_core.event_reactor:joining thread
[0.649s] INFO:colcon.colcon_core.plugin_system:Skipping extension 'colcon_notification.desktop_notification.terminal_notifier': Not used on non-Darwin systems
[0.649s] INFO:colcon.colcon_core.plugin_system:Skipping extension 'colcon_notification.desktop_notification.win32': Not used on non-Windows systems
[0.649s] INFO:colcon.colcon_notification.desktop_notification:Sending desktop notification using 'notify2'
[0.678s] DEBUG:colcon.colcon_core.event_reactor:joined thread
[0.684s] INFO:colcon.colcon_core.shell:Creating prefix script '/home/filip/133ws/src/atlas_description/install/local_setup.ps1'
[0.686s] INFO:colcon.colcon_core.shell:Creating prefix util module '/home/filip/133ws/src/atlas_description/install/_local_setup_util_ps1.py'
[0.688s] INFO:colcon.colcon_core.shell:Creating prefix chain script '/home/filip/133ws/src/atlas_description/install/setup.ps1'
[0.693s] INFO:colcon.colcon_core.shell:Creating prefix script '/home/filip/133ws/src/atlas_description/install/local_setup.sh'
[0.694s] INFO:colcon.colcon_core.shell:Creating prefix util module '/home/filip/133ws/src/atlas_description/install/_local_setup_util_sh.py'
[0.695s] INFO:colcon.colcon_core.shell:Creating prefix chain script '/home/filip/133ws/src/atlas_description/install/setup.sh'
[0.700s] INFO:colcon.colcon_core.shell:Creating prefix script '/home/filip/133ws/src/atlas_description/install/local_setup.bash'
[0.700s] INFO:colcon.colcon_core.shell:Creating prefix chain script '/home/filip/133ws/src/atlas_description/install/setup.bash'
[0.704s] INFO:colcon.colcon_core.shell:Creating prefix script '/home/filip/133ws/src/atlas_description/install/local_setup.zsh'
[0.705s] INFO:colcon.colcon_core.shell:Creating prefix chain script '/home/filip/133ws/src/atlas_description/install/setup.zsh'
